C000  4C F5 C5  JMP $C5F5                       A:00 X:00 Y:00 P:24 SP:FD
C5F5  A2 00     LDX #$00                        A:00 X:00 Y:00 P:24 SP:FD
C5F7  86 00     STX $00 = 4E                    A:00 X:00 Y:00 P:26 SP:FD
C5F9  86 10     STX $10 = 00                    A:00 X:00 Y:00 P:26 SP:FD
C5FB  86 11     STX $11 = 00                    A:00 X:00 Y:00 P:26 SP:FD
C5FD  20 2D C7  JSR $C72D                       A:00 X:00 Y:00 P:26 SP:FD
C72D  EA        NOP                             A:00 X:00 Y:00 P:26 SP:FB
C72E  38        SEC                             A:00 X:00 Y:00 P:26 SP:FB
C72F  B0 04     BCS $0086                       A:00 X:00 Y:00 P:27 SP:FB
C735  EA        NOP                             A:00 X:00 Y:00 P:27 SP:FB
C736  18        CLC                             A:00 X:00 Y:00 P:27 SP:FB
C737  B0 03     BCS $C740                       A:00 X:00 Y:00 P:26 SP:FB
C739  4C 40 C7  JMP $C740                       A:00 X:00 Y:00 P:26 SP:FB
C740  EA        NOP                             A:00 X:00 Y:00 P:26 SP:FB
C741  38        SEC                             A:00 X:00 Y:00 P:26 SP:FB
C742  90 03     BCC $C74B                       A:00 X:00 Y:00 P:27 SP:FB
C744  4C 4B C7  JMP $C74B                       A:00 X:00 Y:00 P:27 SP:FB
C74B  EA        NOP                             A:00 X:00 Y:00 P:27 SP:FB
C74C  18        CLC                             A:00 X:00 Y:00 P:27 SP:FB
C74D  90 04     BCC $0086                       A:00 X:00 Y:00 P:26 SP:FB
C753  EA        NOP                             A:00 X:00 Y:00 P:26 SP:FB
C754  A9 00     LDA #$00                        A:00 X:00 Y:00 P:26 SP:FB
C756  F0 04     BEQ $0086                       A:00 X:00 Y:00 P:26 SP:FB
C75C  EA        NOP                             A:00 X:00 Y:00 P:26 SP:FB
C75D  A9 40     LDA #$40                        A:00 X:00 Y:00 P:26 SP:FB
C75F  F0 03     BEQ $C768                       A:40 X:00 Y:00 P:24 SP:FB
C761  4C 68 C7  JMP $C768                       A:40 X:00 Y:00 P:24 SP:FB
C768  EA        NOP                             A:40 X:00 Y:00 P:24 SP:FB
C769  A9 40     LDA #$40                        A:40 X:00 Y:00 P:24 SP:FB
C76B  D0 04     BNE $0086                       A:40 X:00 Y:00 P:24 SP:FB
C771  EA        NOP                             A:40 X:00 Y:00 P:24 SP:FB
C772  A9 00     LDA #$00                        A:40 X:00 Y:00 P:24 SP:FB
C774  D0 03     BNE $C77D                       A:00 X:00 Y:00 P:26 SP:FB
C776  4C 7D C7  JMP $C77D                       A:00 X:00 Y:00 P:26 SP:FB
C77D  EA        NOP                             A:00 X:00 Y:00 P:26 SP:FB
C77E  A9 FF     LDA #$FF                        A:00 X:00 Y:00 P:26 SP:FB
C780  85 01     STA $01 = 45                    A:FF X:00 Y:00 P:A4 SP:FB
C782  24 01     BIT $01 = FF                    A:FF X:00 Y:00 P:A4 SP:FB
C784  70 04     BVS $0086                       A:FF X:00 Y:00 P:E4 SP:FB
C78A  EA        NOP                             A:FF X:00 Y:00 P:E4 SP:FB
C78B  24 01     BIT $01 = FF                    A:FF X:00 Y:00 P:E4 SP:FB
C78D  50 03     BVC $C796                       A:FF X:00 Y:00 P:E4 SP:FB
C78F  4C 96 C7  JMP $C796                       A:FF X:00 Y:00 P:E4 SP:FB
C796  EA        NOP                             A:FF X:00 Y:00 P:E4 SP:FB
C797  A9 00     LDA #$00                        A:FF X:00 Y:00 P:E4 SP:FB
C799  85 01     STA $01 = FF                    A:00 X:00 Y:00 P:66 SP:FB
C79B  24 01     BIT $01 = 00                    A:00 X:00 Y:00 P:66 SP:FB
C79D  50 04     BVC $0086                       A:00 X:00 Y:00 P:26 SP:FB
C7A3  EA        NOP                             A:00 X:00 Y:00 P:26 SP:FB
C7A4  24 01     BIT $01 = 00                    A:00 X:00 Y:00 P:26 SP:FB
C7A6  70 03     BVS $C7AF                       A:00 X:00 Y:00 P:26 SP:FB
C7A8  4C AF C7  JMP $C7AF                       A:00 X:00 Y:00 P:26 SP:FB
C7AF  EA        NOP                             A:00 X:00 Y:00 P:26 SP:FB
C7B0  A9 00     LDA #$00                        A:00 X:00 Y:00 P:26 SP:FB
C7B2  10 04     BPL $0086                       A:00 X:00 Y:00 P:26 SP:FB
C7B8  EA        NOP                             A:00 X:00 Y:00 P:26 SP:FB
C7B9  A9 80     LDA #$80                        A:00 X:00 Y:00 P:26 SP:FB
C7BB  10 03     BPL $C7D9                       A:80 X:00 Y:00 P:A4 SP:FB
C7BD  4C D9 C7  JMP $C7D9                       A:80 X:00 Y:00 P:A4 SP:FB
C7D9  EA        NOP                             A:80 X:00 Y:00 P:A4 SP:FB
C7DA  60        RTS                             A:80 X:00 Y:00 P:A4 SP:FB
C600  20 DB C7  JSR $C7DB                       A:80 X:00 Y:00 P:A4 SP:FD
C7DB  EA        NOP                             A:80 X:00 Y:00 P:A4 SP:FB
C7DC  A9 FF     LDA #$FF                        A:80 X:00 Y:00 P:A4 SP:FB
C7DE  85 01     STA $01 = 00                    A:FF X:00 Y:00 P:A4 SP:FB
C7E0  24 01     BIT $01 = FF                    A:FF X:00 Y:00 P:A4 SP:FB
C7E2  A9 00     LDA #$00                        A:FF X:00 Y:00 P:E4 SP:FB
C7E4  38        SEC                             A:00 X:00 Y:00 P:66 SP:FB
C7E5  78        SEI                             A:00 X:00 Y:00 P:67 SP:FB
C7E6  F8        SED                             A:00 X:00 Y:00 P:67 SP:FB
C7E7  08        PHP                             A:00 X:00 Y:00 P:6F SP:FB
C7E8  68        PLA                             A:00 X:00 Y:00 P:6F SP:FA
C7E9  29 EF     AND #$EF                        A:6F X:00 Y:00 P:6D SP:FB
C7EB  C9 6F     CMP #$6F                        A:6F X:00 Y:00 P:6D SP:FB
C7ED  F0 04     BEQ $0086                       A:6F X:00 Y:00 P:6F SP:FB
C7F3  EA        NOP                             A:6F X:00 Y:00 P:6F SP:FB
C7F4  A9 40     LDA #$40                        A:6F X:00 Y:00 P:6F SP:FB
C7F6  85 01     STA $01 = FF                    A:40 X:00 Y:00 P:6D SP:FB
C7F8  24 01     BIT $01 = 40                    A:40 X:00 Y:00 P:6D SP:FB
C7FA  D8        CLD                             A:40 X:00 Y:00 P:6D SP:FB
C7FB  A9 10     LDA #$10                        A:40 X:00 Y:00 P:65 SP:FB
C7FD  18        CLC                             A:10 X:00 Y:00 P:65 SP:FB
C7FE  08        PHP                             A:10 X:00 Y:00 P:64 SP:FB
C7FF  68        PLA                             A:10 X:00 Y:00 P:64 SP:FA
C800  29 EF     AND #$EF                        A:64 X:00 Y:00 P:64 SP:FB
C802  C9 64     CMP #$64                        A:64 X:00 Y:00 P:64 SP:FB
C804  F0 04     BEQ $0086                       A:64 X:00 Y:00 P:67 SP:FB
C80A  EA        NOP                             A:64 X:00 Y:00 P:67 SP:FB
C80B  A9 80     LDA #$80                        A:64 X:00 Y:00 P:67 SP:FB
C80D  85 01     STA $01 = 40                    A:80 X:00 Y:00 P:E5 SP:FB
C80F  24 01     BIT $01 = 80                    A:80 X:00 Y:00 P:E5 SP:FB
C811  F8        SED                             A:80 X:00 Y:00 P:A5 SP:FB
C812  A9 00     LDA #$00                        A:80 X:00 Y:00 P:AD SP:FB
C814  38        SEC                             A:00 X:00 Y:00 P:2F SP:FB
C815  08        PHP                             A:00 X:00 Y:00 P:2F SP:FB
C816  68        PLA                             A:00 X:00 Y:00 P:2F SP:FA
C817  29 EF     AND #$EF                        A:2F X:00 Y:00 P:2D SP:FB
C819  C9 2F     CMP #$2F                        A:2F X:00 Y:00 P:2D SP:FB
C81B  F0 04     BEQ $0086                       A:2F X:00 Y:00 P:2F SP:FB
C821  EA        NOP                             A:2F X:00 Y:00 P:2F SP:FB
C822  A9 FF     LDA #$FF                        A:2F X:00 Y:00 P:2F SP:FB
C824  48        PHA                             A:FF X:00 Y:00 P:AD SP:FB
C825  28        PLP                             A:FF X:00 Y:00 P:AD SP:FA
C826  D0 09     BNE $C835                       A:FF X:00 Y:00 P:FF SP:FB
C828  10 07     BPL $C835                       A:FF X:00 Y:00 P:FF SP:FB
C82A  50 05     BVC $C835                       A:FF X:00 Y:00 P:FF SP:FB
C82C  90 03     BCC $C835                       A:FF X:00 Y:00 P:FF SP:FB
C82E  4C 35 C8  JMP $C835                       A:FF X:00 Y:00 P:FF SP:FB
C835  EA        NOP                             A:FF X:00 Y:00 P:FF SP:FB
C836  A9 04     LDA #$04                        A:FF X:00 Y:00 P:FF SP:FB
C838  48        PHA                             A:04 X:00 Y:00 P:7D SP:FB
C839  28        PLP                             A:04 X:00 Y:00 P:7D SP:FA
C83A  F0 09     BEQ $C849                       A:04 X:00 Y:00 P:24 SP:FB
C83C  30 07     BMI $C849                       A:04 X:00 Y:00 P:24 SP:FB
C83E  70 05     BVS $C849                       A:04 X:00 Y:00 P:24 SP:FB
C840  B0 03     BCS $C849                       A:04 X:00 Y:00 P:24 SP:FB
C842  4C 49 C8  JMP $C849                       A:04 X:00 Y:00 P:24 SP:FB
C849  EA        NOP                             A:04 X:00 Y:00 P:24 SP:FB
C84A  F8        SED                             A:04 X:00 Y:00 P:24 SP:FB
C84B  A9 FF     LDA #$FF                        A:04 X:00 Y:00 P:2C SP:FB
C84D  85 01     STA $01 = 80                    A:FF X:00 Y:00 P:AC SP:FB
C84F  24 01     BIT $01 = FF                    A:FF X:00 Y:00 P:AC SP:FB
C851  18        CLC                             A:FF X:00 Y:00 P:EC SP:FB
C852  A9 00     LDA #$00                        A:FF X:00 Y:00 P:EC SP:FB
C854  48        PHA                             A:00 X:00 Y:00 P:6E SP:FB
C855  A9 FF     LDA #$FF                        A:00 X:00 Y:00 P:6E SP:FA
C857  68        PLA                             A:FF X:00 Y:00 P:EC SP:FA
C858  D0 09     BNE $C867                       A:00 X:00 Y:00 P:6E SP:FB
C85A  30 07     BMI $C867                       A:00 X:00 Y:00 P:6E SP:FB
C85C  50 05     BVC $C867                       A:00 X:00 Y:00 P:6E SP:FB
C85E  B0 03     BCS $C867                       A:00 X:00 Y:00 P:6E SP:FB
C860  4C 67 C8  JMP $C867                       A:00 X:00 Y:00 P:6E SP:FB
C867  EA        NOP                             A:00 X:00 Y:00 P:6E SP:FB
C868  A9 00     LDA #$00                        A:00 X:00 Y:00 P:6E SP:FB
C86A  85 01     STA $01 = FF                    A:00 X:00 Y:00 P:6E SP:FB
C86C  24 01     BIT $01 = 00                    A:00 X:00 Y:00 P:6E SP:FB
C86E  38        SEC                             A:00 X:00 Y:00 P:2E SP:FB
C86F  A9 FF     LDA #$FF                        A:00 X:00 Y:00 P:2F SP:FB
C871  48        PHA                             A:FF X:00 Y:00 P:AD SP:FB
C872  A9 00     LDA #$00                        A:FF X:00 Y:00 P:AD SP:FA
C874  68        PLA                             A:00 X:00 Y:00 P:2F SP:FA
C875  F0 09     BEQ $C884                       A:FF X:00 Y:00 P:AD SP:FB
C877  10 07     BPL $C884                       A:FF X:00 Y:00 P:AD SP:FB
C879  70 05     BVS $C884                       A:FF X:00 Y:00 P:AD SP:FB
C87B  90 03     BCC $C884                       A:FF X:00 Y:00 P:AD SP:FB
C87D  4C 84 C8  JMP $C884                       A:FF X:00 Y:00 P:AD SP:FB
C884  60        RTS                             A:FF X:00 Y:00 P:AD SP:FB
C603  20 85 C8  JSR $C885                       A:FF X:00 Y:00 P:AD SP:FD
C885  EA        NOP                             A:FF X:00 Y:00 P:AD SP:FB
C886  18        CLC                             A:FF X:00 Y:00 P:AD SP:FB
C887  A9 FF     LDA #$FF                        A:FF X:00 Y:00 P:AC SP:FB
C889  85 01     STA $01 = 00                    A:FF X:00 Y:00 P:AC SP:FB
C88B  24 01     BIT $01 = FF                    A:FF X:00 Y:00 P:AC SP:FB
C88D  A9 55     LDA #$55                        A:FF X:00 Y:00 P:EC SP:FB
C88F  09 AA     ORA #$AA                        A:55 X:00 Y:00 P:6C SP:FB
C891  B0 0B     BCS $C8A2                       A:FF X:00 Y:00 P:EC SP:FB
C893  10 09     BPL $C8A2                       A:FF X:00 Y:00 P:EC SP:FB
C895  C9 FF     CMP #$FF                        A:FF X:00 Y:00 P:EC SP:FB
C897  D0 05     BNE $C8A2                       A:FF X:00 Y:00 P:6F SP:FB
C899  50 03     BVC $C8A2                       A:FF X:00 Y:00 P:6F SP:FB
C89B  4C A2 C8  JMP $C8A2                       A:FF X:00 Y:00 P:6F SP:FB
C8A2  EA        NOP                             A:FF X:00 Y:00 P:6F SP:FB
C8A3  38        SEC                             A:FF X:00 Y:00 P:6F SP:FB
C8A4  B8        CLV                             A:FF X:00 Y:00 P:6F SP:FB
C8A5  A9 00     LDA #$00                        A:FF X:00 Y:00 P:2F SP:FB
C8A7  09 00     ORA #$00                        A:00 X:00 Y:00 P:2F SP:FB
C8A9  D0 09     BNE $C8B8                       A:00 X:00 Y:00 P:2F SP:FB
C8AB  70 07     BVS $C8B8                       A:00 X:00 Y:00 P:2F SP:FB
C8AD  90 05     BCC $C8B8                       A:00 X:00 Y:00 P:2F SP:FB
C8AF  30 03     BMI $C8B8                       A:00 X:00 Y:00 P:2F SP:FB
C8B1  4C B8 C8  JMP $C8B8                       A:00 X:00 Y:00 P:2F SP:FB
C8B8  EA        NOP                             A:00 X:00 Y:00 P:2F SP:FB
C8B9  18        CLC                             A:00 X:00 Y:00 P:2F SP:FB
C8BA  24 01     BIT $01 = FF                    A:00 X:00 Y:00 P:2E SP:FB
C8BC  A9 55     LDA #$55                        A:00 X:00 Y:00 P:2E SP:FB
C8BE  29 AA     AND #$AA                        A:55 X:00 Y:00 P:2C SP:FB
C8C0  D0 09     BNE $C8CF                       A:00 X:00 Y:00 P:2E SP:FB
C8C2  50 07     BVC $C8CF                       A:00 X:00 Y:00 P:2E SP:FB
C8CB  A2 1A     LDX #$1A                        A:00 X:00 Y:00 P:2E SP:FB
C8CD  86 00     STX $00 = 00                    A:00 X:1A Y:00 P:2C SP:FB
C8CF  EA        NOP                             A:00 X:1A Y:00 P:2C SP:FB
C8D0  38        SEC                             A:00 X:1A Y:00 P:2C SP:FB
C8D1  B8        CLV                             A:00 X:1A Y:00 P:2D SP:FB
C8D2  A9 F8     LDA #$F8                        A:00 X:1A Y:00 P:2D SP:FB
C8D4  29 EF     AND #$EF                        A:F8 X:1A Y:00 P:AD SP:FB
C8D6  90 0B     BCC $C8E7                       A:E8 X:1A Y:00 P:AD SP:FB
C8D8  10 09     BPL $C8E7                       A:E8 X:1A Y:00 P:AD SP:FB
C8DA  C9 E8     CMP #$E8                        A:E8 X:1A Y:00 P:AD SP:FB
C8DC  D0 05     BNE $C8E7                       A:E8 X:1A Y:00 P:2F SP:FB
C8DE  70 03     BVS $C8E7                       A:E8 X:1A Y:00 P:2F SP:FB
C8E0  4C E7 C8  JMP $C8E7                       A:E8 X:1A Y:00 P:2F SP:FB
C8E7  EA        NOP                             A:E8 X:1A Y:00 P:2F SP:FB
C8E8  18        CLC                             A:E8 X:1A Y:00 P:2F SP:FB
C8E9  24 01     BIT $01 = FF                    A:E8 X:1A Y:00 P:2E SP:FB
C8EB  A9 5F     LDA #$5F                        A:E8 X:1A Y:00 P:EC SP:FB
C8ED  49 AA     EOR #$AA                        A:5F X:1A Y:00 P:6C SP:FB
C8EF  B0 0B     BCS $C900                       A:F5 X:1A Y:00 P:EC SP:FB
C8F1  10 09     BPL $C900                       A:F5 X:1A Y:00 P:EC SP:FB
C8F3  C9 F5     CMP #$F5                        A:F5 X:1A Y:00 P:EC SP:FB
C8F5  D0 05     BNE $C900                       A:F5 X:1A Y:00 P:6F SP:FB
C8F7  50 03     BVC $C900                       A:F5 X:1A Y:00 P:6F SP:FB
C8F9  4C 00 C9  JMP $C900                       A:F5 X:1A Y:00 P:6F SP:FB
C900  EA        NOP                             A:F5 X:1A Y:00 P:6F SP:FB
C901  38        SEC                             A:F5 X:1A Y:00 P:6F SP:FB
C902  B8        CLV                             A:F5 X:1A Y:00 P:6F SP:FB
C903  A9 70     LDA #$70                        A:F5 X:1A Y:00 P:2F SP:FB
C905  49 70     EOR #$70                        A:70 X:1A Y:00 P:2D SP:FB
C907  D0 09     BNE $C916                       A:00 X:1A Y:00 P:2F SP:FB
C909  70 07     BVS $C916                       A:00 X:1A Y:00 P:2F SP:FB
C90B  90 05     BCC $C916                       A:00 X:1A Y:00 P:2F SP:FB
C90D  30 03     BMI $C916                       A:00 X:1A Y:00 P:2F SP:FB
C90F  4C 16 C9  JMP $C916                       A:00 X:1A Y:00 P:2F SP:FB
C916  EA        NOP                             A:00 X:1A Y:00 P:2F SP:FB
C917  18        CLC                             A:00 X:1A Y:00 P:2F SP:FB
C918  24 01     BIT $01 = FF                    A:00 X:1A Y:00 P:2E SP:FB
C91A  A9 00     LDA #$00                        A:00 X:1A Y:00 P:2E SP:FB
C91C  69 69     ADC #$69                        A:00 X:1A Y:00 P:2E SP:FB
C91E  30 0B     BMI $C92F                       A:69 X:1A Y:00 P:2C SP:FB
C920  B0 09     BCS $C92F                       A:69 X:1A Y:00 P:2C SP:FB
C922  C9 69     CMP #$69                        A:69 X:1A Y:00 P:2C SP:FB
C924  D0 05     BNE $C92F                       A:69 X:1A Y:00 P:2F SP:FB
C926  70 03     BVS $C92F                       A:69 X:1A Y:00 P:2F SP:FB
C928  4C 2F C9  JMP $C92F                       A:69 X:1A Y:00 P:2F SP:FB
C92F  EA        NOP                             A:69 X:1A Y:00 P:2F SP:FB
C930  38        SEC                             A:69 X:1A Y:00 P:2F SP:FB
C931  F8        SED                             A:69 X:1A Y:00 P:2F SP:FB
C932  24 01     BIT $01 = FF                    A:69 X:1A Y:00 P:2F SP:FB
C934  A9 01     LDA #$01                        A:69 X:1A Y:00 P:6D SP:FB
C936  69 69     ADC #$69                        A:01 X:1A Y:00 P:6D SP:FB
C938  30 0B     BMI $C949                       A:6B X:1A Y:00 P:2C SP:FB
C93A  B0 09     BCS $C949                       A:6B X:1A Y:00 P:2C SP:FB
C93C  C9 6B     CMP #$6B                        A:6B X:1A Y:00 P:2C SP:FB
C93E  D0 05     BNE $C949                       A:6B X:1A Y:00 P:2F SP:FB
C940  70 03     BVS $C949                       A:6B X:1A Y:00 P:2F SP:FB
C942  4C 49 C9  JMP $C949                       A:6B X:1A Y:00 P:2F SP:FB
C949  EA        NOP                             A:6B X:1A Y:00 P:2F SP:FB
C94A  D8        CLD                             A:6B X:1A Y:00 P:2F SP:FB
C94B  38        SEC                             A:6B X:1A Y:00 P:27 SP:FB
C94C  B8        CLV                             A:6B X:1A Y:00 P:27 SP:FB
C94D  A9 7F     LDA #$7F                        A:6B X:1A Y:00 P:27 SP:FB
C94F  69 7F     ADC #$7F                        A:7F X:1A Y:00 P:25 SP:FB
C951  10 0B     BPL $C962                       A:FF X:1A Y:00 P:E4 SP:FB
C953  B0 09     BCS $C962                       A:FF X:1A Y:00 P:E4 SP:FB
C955  C9 FF     CMP #$FF                        A:FF X:1A Y:00 P:E4 SP:FB
C957  D0 05     BNE $C962                       A:FF X:1A Y:00 P:67 SP:FB
C959  50 03     BVC $C962                       A:FF X:1A Y:00 P:67 SP:FB
C95B  4C 62 C9  JMP $C962                       A:FF X:1A Y:00 P:67 SP:FB
C962  EA        NOP                             A:FF X:1A Y:00 P:67 SP:FB
C963  18        CLC                             A:FF X:1A Y:00 P:67 SP:FB
C964  24 01     BIT $01 = FF                    A:FF X:1A Y:00 P:66 SP:FB
C966  A9 7F     LDA #$7F                        A:FF X:1A Y:00 P:E4 SP:FB
C968  69 80     ADC #$80                        A:7F X:1A Y:00 P:64 SP:FB
C96A  10 0B     BPL $C97B                       A:FF X:1A Y:00 P:A4 SP:FB
C96C  B0 09     BCS $C97B                       A:FF X:1A Y:00 P:A4 SP:FB
C96E  C9 FF     CMP #$FF                        A:FF X:1A Y:00 P:A4 SP:FB
C970  D0 05     BNE $C97B                       A:FF X:1A Y:00 P:27 SP:FB
C972  70 03     BVS $C97B                       A:FF X:1A Y:00 P:27 SP:FB
C974  4C 7B C9  JMP $C97B                       A:FF X:1A Y:00 P:27 SP:FB
C97B  EA        NOP                             A:FF X:1A Y:00 P:27 SP:FB
C97C  38        SEC                             A:FF X:1A Y:00 P:27 SP:FB
C97D  B8        CLV                             A:FF X:1A Y:00 P:27 SP:FB
C97E  A9 7F     LDA #$7F                        A:FF X:1A Y:00 P:27 SP:FB
C980  69 80     ADC #$80                        A:7F X:1A Y:00 P:25 SP:FB
C982  D0 09     BNE $C991                       A:00 X:1A Y:00 P:27 SP:FB
C984  30 07     BMI $C991                       A:00 X:1A Y:00 P:27 SP:FB
C986  70 05     BVS $C991                       A:00 X:1A Y:00 P:27 SP:FB
C988  90 03     BCC $C991                       A:00 X:1A Y:00 P:27 SP:FB
C98A  4C 91 C9  JMP $C991                       A:00 X:1A Y:00 P:27 SP:FB
C991  EA        NOP                             A:00 X:1A Y:00 P:27 SP:FB
C992  38        SEC                             A:00 X:1A Y:00 P:27 SP:FB
C993  B8        CLV                             A:00 X:1A Y:00 P:27 SP:FB
C994  A9 9F     LDA #$9F                        A:00 X:1A Y:00 P:27 SP:FB
C996  F0 09     BEQ $C9A5                       A:9F X:1A Y:00 P:A5 SP:FB
C998  10 07     BPL $C9A5                       A:9F X:1A Y:00 P:A5 SP:FB
C99A  70 05     BVS $C9A5                       A:9F X:1A Y:00 P:A5 SP:FB
C99C  90 03     BCC $C9A5                       A:9F X:1A Y:00 P:A5 SP:FB
C99E  4C A5 C9  JMP $C9A5                       A:9F X:1A Y:00 P:A5 SP:FB
C9A5  EA        NOP                             A:9F X:1A Y:00 P:A5 SP:FB
C9A6  18        CLC                             A:9F X:1A Y:00 P:A5 SP:FB
C9A7  24 01     BIT $01 = FF                    A:9F X:1A Y:00 P:A4 SP:FB
C9A9  A9 00     LDA #$00                        A:9F X:1A Y:00 P:A4 SP:FB
C9AB  D0 09     BNE $C9BA                       A:00 X:1A Y:00 P:26 SP:FB
C9AD  30 07     BMI $C9BA                       A:00 X:1A Y:00 P:26 SP:FB
C9AF  50 05     BVC $C9BA                       A:00 X:1A Y:00 P:26 SP:FB
C9B6  A2 23     LDX #$23                        A:00 X:1A Y:00 P:26 SP:FB
C9B8  86 00     STX $00 = 1A                    A:00 X:23 Y:00 P:24 SP:FB
C9BA  EA        NOP                             A:00 X:23 Y:00 P:24 SP:FB
C9BB  24 01     BIT $01 = FF                    A:00 X:23 Y:00 P:24 SP:FB
C9BD  A9 40     LDA #$40                        A:00 X:23 Y:00 P:26 SP:FB
C9BF  C9 40     CMP #$40                        A:40 X:23 Y:00 P:24 SP:FB
C9C1  30 09     BMI $C9D0                       A:40 X:23 Y:00 P:27 SP:FB
C9C3  90 07     BCC $C9D0                       A:40 X:23 Y:00 P:27 SP:FB
C9C5  D0 05     BNE $C9D0                       A:40 X:23 Y:00 P:27 SP:FB
C9C7  50 03     BVC $C9D0                       A:40 X:23 Y:00 P:27 SP:FB
C9CC  A2 24     LDX #$24                        A:40 X:23 Y:00 P:27 SP:FB
C9CE  86 00     STX $00 = 23                    A:40 X:24 Y:00 P:25 SP:FB
C9D0  EA        NOP                             A:40 X:24 Y:00 P:25 SP:FB
C9D1  B8        CLV                             A:40 X:24 Y:00 P:25 SP:FB
C9D2  C9 3F     CMP #$3F                        A:40 X:24 Y:00 P:25 SP:FB
C9D4  F0 09     BEQ $C9E3                       A:40 X:24 Y:00 P:25 SP:FB
C9D6  30 07     BMI $C9E3                       A:40 X:24 Y:00 P:25 SP:FB
C9D8  90 05     BCC $C9E3                       A:40 X:24 Y:00 P:25 SP:FB
C9DA  70 03     BVS $C9E3                       A:40 X:24 Y:00 P:25 SP:FB
C9DC  4C E3 C9  JMP $C9E3                       A:40 X:24 Y:00 P:25 SP:FB
C9E3  EA        NOP                             A:40 X:24 Y:00 P:25 SP:FB
C9E4  C9 41     CMP #$41                        A:40 X:24 Y:00 P:25 SP:FB
C9E6  F0 07     BEQ $C9F3                       A:40 X:24 Y:00 P:A4 SP:FB
C9E8  10 05     BPL $C9F3                       A:40 X:24 Y:00 P:A4 SP:FB
C9EA  10 03     BPL $C9F3                       A:40 X:24 Y:00 P:A4 SP:FB
C9EC  4C F3 C9  JMP $C9F3                       A:40 X:24 Y:00 P:A4 SP:FB
C9F3  EA        NOP                             A:40 X:24 Y:00 P:A4 SP:FB
C9F4  A9 80     LDA #$80                        A:40 X:24 Y:00 P:A4 SP:FB
C9F6  C9 00     CMP #$00                        A:80 X:24 Y:00 P:A4 SP:FB
C9F8  F0 07     BEQ $CA05                       A:80 X:24 Y:00 P:A5 SP:FB
C9FA  10 05     BPL $CA05                       A:80 X:24 Y:00 P:A5 SP:FB
C9FC  90 03     BCC $CA05                       A:80 X:24 Y:00 P:A5 SP:FB
C9FE  4C 05 CA  JMP $CA05                       A:80 X:24 Y:00 P:A5 SP:FB
CA05  EA        NOP                             A:80 X:24 Y:00 P:A5 SP:FB
CA06  C9 80     CMP #$80                        A:80 X:24 Y:00 P:A5 SP:FB
CA08  D0 07     BNE $CA15                       A:80 X:24 Y:00 P:27 SP:FB
CA0A  30 05     BMI $CA15                       A:80 X:24 Y:00 P:27 SP:FB
CA0C  90 03     BCC $CA15                       A:80 X:24 Y:00 P:27 SP:FB
CA0E  4C 15 CA  JMP $CA15                       A:80 X:24 Y:00 P:27 SP:FB
CA15  EA        NOP                             A:80 X:24 Y:00 P:27 SP:FB
CA16  C9 81     CMP #$81                        A:80 X:24 Y:00 P:27 SP:FB
CA18  B0 07     BCS $CA25                       A:80 X:24 Y:00 P:A4 SP:FB
CA1A  F0 05     BEQ $CA25                       A:80 X:24 Y:00 P:A4 SP:FB
CA1C  10 03     BPL $CA25                       A:80 X:24 Y:00 P:A4 SP:FB
CA1E  4C 25 CA  JMP $CA25                       A:80 X:24 Y:00 P:A4 SP:FB
CA25  EA        NOP                             A:80 X:24 Y:00 P:A4 SP:FB
CA26  C9 7F     CMP #$7F                        A:80 X:24 Y:00 P:A4 SP:FB
CA28  90 07     BCC $CA35                       A:80 X:24 Y:00 P:25 SP:FB
CA2A  F0 05     BEQ $CA35                       A:80 X:24 Y:00 P:25 SP:FB
CA2C  30 03     BMI $CA35                       A:80 X:24 Y:00 P:25 SP:FB
CA2E  4C 35 CA  JMP $CA35                       A:80 X:24 Y:00 P:25 SP:FB
CA35  EA        NOP                             A:80 X:24 Y:00 P:25 SP:FB
CA36  24 01     BIT $01 = FF                    A:80 X:24 Y:00 P:25 SP:FB
CA38  A0 40     LDY #$40                        A:80 X:24 Y:00 P:A5 SP:FB
CA3A  C0 40     CPY #$40                        A:80 X:24 Y:40 P:25 SP:FB
CA3C  D0 09     BNE $CA4B                       A:80 X:24 Y:40 P:27 SP:FB
CA3E  30 07     BMI $CA4B                       A:80 X:24 Y:40 P:27 SP:FB
CA40  90 05     BCC $CA4B                       A:80 X:24 Y:40 P:27 SP:FB
CA42  50 03     BVC $CA4B                       A:80 X:24 Y:40 P:27 SP:FB
CA47  A2 2B     LDX #$2B                        A:80 X:24 Y:40 P:27 SP:FB
CA49  86 00     STX $00 = 24                    A:80 X:2B Y:40 P:25 SP:FB
CA4B  EA        NOP                             A:80 X:2B Y:40 P:25 SP:FB
CA4C  B8        CLV                             A:80 X:2B Y:40 P:25 SP:FB
CA4D  C0 3F     CPY #$3F                        A:80 X:2B Y:40 P:25 SP:FB
CA4F  F0 09     BEQ $CA5E                       A:80 X:2B Y:40 P:25 SP:FB
CA51  30 07     BMI $CA5E                       A:80 X:2B Y:40 P:25 SP:FB
CA53  90 05     BCC $CA5E                       A:80 X:2B Y:40 P:25 SP:FB
CA55  70 03     BVS $CA5E                       A:80 X:2B Y:40 P:25 SP:FB
CA57  4C 5E CA  JMP $CA5E                       A:80 X:2B Y:40 P:25 SP:FB
CA5E  EA        NOP                             A:80 X:2B Y:40 P:25 SP:FB
CA5F  C0 41     CPY #$41                        A:80 X:2B Y:40 P:25 SP:FB
CA61  F0 07     BEQ $CA6E                       A:80 X:2B Y:40 P:A4 SP:FB
CA63  10 05     BPL $CA6E                       A:80 X:2B Y:40 P:A4 SP:FB
CA65  10 03     BPL $CA6E                       A:80 X:2B Y:40 P:A4 SP:FB
CA67  4C 6E CA  JMP $CA6E                       A:80 X:2B Y:40 P:A4 SP:FB
CA6E  EA        NOP                             A:80 X:2B Y:40 P:A4 SP:FB
CA6F  A0 80     LDY #$80                        A:80 X:2B Y:40 P:A4 SP:FB
CA71  C0 00     CPY #$00                        A:80 X:2B Y:80 P:A4 SP:FB
CA73  F0 07     BEQ $CA80                       A:80 X:2B Y:80 P:A5 SP:FB
CA75  10 05     BPL $CA80                       A:80 X:2B Y:80 P:A5 SP:FB
CA77  90 03     BCC $CA80                       A:80 X:2B Y:80 P:A5 SP:FB
CA79  4C 80 CA  JMP $CA80                       A:80 X:2B Y:80 P:A5 SP:FB
CA80  EA        NOP                             A:80 X:2B Y:80 P:A5 SP:FB
CA81  C0 80     CPY #$80                        A:80 X:2B Y:80 P:A5 SP:FB
CA83  D0 07     BNE $CA90                       A:80 X:2B Y:80 P:27 SP:FB
CA85  30 05     BMI $CA90                       A:80 X:2B Y:80 P:27 SP:FB
CA87  90 03     BCC $CA90                       A:80 X:2B Y:80 P:27 SP:FB
CA89  4C 90 CA  JMP $CA90                       A:80 X:2B Y:80 P:27 SP:FB
CA90  EA        NOP                             A:80 X:2B Y:80 P:27 SP:FB
CA91  C0 81     CPY #$81                        A:80 X:2B Y:80 P:27 SP:FB
CA93  B0 07     BCS $CAA0                       A:80 X:2B Y:80 P:A4 SP:FB
CA95  F0 05     BEQ $CAA0                       A:80 X:2B Y:80 P:A4 SP:FB
CA97  10 03     BPL $CAA0                       A:80 X:2B Y:80 P:A4 SP:FB
CA99  4C A0 CA  JMP $CAA0                       A:80 X:2B Y:80 P:A4 SP:FB
CAA0  EA        NOP                             A:80 X:2B Y:80 P:A4 SP:FB
CAA1  C0 7F     CPY #$7F                        A:80 X:2B Y:80 P:A4 SP:FB
CAA3  90 07     BCC $CAB0                       A:80 X:2B Y:80 P:25 SP:FB
CAA5  F0 05     BEQ $CAB0                       A:80 X:2B Y:80 P:25 SP:FB
CAA7  30 03     BMI $CAB0                       A:80 X:2B Y:80 P:25 SP:FB
CAA9  4C B0 CA  JMP $CAB0                       A:80 X:2B Y:80 P:25 SP:FB
CAB0  EA        NOP                             A:80 X:2B Y:80 P:25 SP:FB
CAB1  24 01     BIT $01 = FF                    A:80 X:2B Y:80 P:25 SP:FB
CAB3  A2 40     LDX #$40                        A:80 X:2B Y:80 P:A5 SP:FB
CAB5  E0 40     CPX #$40                        A:80 X:40 Y:80 P:25 SP:FB
CAB7  D0 09     BNE $CAC6                       A:80 X:40 Y:80 P:27 SP:FB
CAB9  30 07     BMI $CAC6                       A:80 X:40 Y:80 P:27 SP:FB
CABB  90 05     BCC $CAC6                       A:80 X:40 Y:80 P:27 SP:FB
CABD  50 03     BVC $CAC6                       A:80 X:40 Y:80 P:27 SP:FB
CAC2  A9 32     LDA #$32                        A:80 X:40 Y:80 P:27 SP:FB
CAC4  85 00     STA $00 = 2B                    A:32 X:40 Y:80 P:25 SP:FB
CAC6  EA        NOP                             A:32 X:40 Y:80 P:25 SP:FB
CAC7  B8        CLV                             A:32 X:40 Y:80 P:25 SP:FB
CAC8  E0 3F     CPX #$3F                        A:32 X:40 Y:80 P:25 SP:FB
CACA  F0 09     BEQ $CAD9                       A:32 X:40 Y:80 P:25 SP:FB
CACC  30 07     BMI $CAD9                       A:32 X:40 Y:80 P:25 SP:FB
CACE  90 05     BCC $CAD9                       A:32 X:40 Y:80 P:25 SP:FB
CAD0  70 03     BVS $CAD9                       A:32 X:40 Y:80 P:25 SP:FB
CAD2  4C D9 CA  JMP $CAD9                       A:32 X:40 Y:80 P:25 SP:FB
CAD9  EA        NOP                             A:32 X:40 Y:80 P:25 SP:FB
CADA  E0 41     CPX #$41                        A:32 X:40 Y:80 P:25 SP:FB
CADC  F0 07     BEQ $CAE9                       A:32 X:40 Y:80 P:A4 SP:FB
CADE  10 05     BPL $CAE9                       A:32 X:40 Y:80 P:A4 SP:FB
CAE0  10 03     BPL $CAE9                       A:32 X:40 Y:80 P:A4 SP:FB
CAE2  4C E9 CA  JMP $CAE9                       A:32 X:40 Y:80 P:A4 SP:FB
CAE9  EA        NOP                             A:32 X:40 Y:80 P:A4 SP:FB
CAEA  A2 80     LDX #$80                        A:32 X:40 Y:80 P:A4 SP:FB
CAEC  E0 00     CPX #$00                        A:32 X:80 Y:80 P:A4 SP:FB
CAEE  F0 07     BEQ $CAFB                       A:32 X:80 Y:80 P:A5 SP:FB
CAF0  10 05     BPL $CAFB                       A:32 X:80 Y:80 P:A5 SP:FB
CAF2  90 03     BCC $CAFB                       A:32 X:80 Y:80 P:A5 SP:FB
CAF4  4C FB CA  JMP $CAFB                       A:32 X:80 Y:80 P:A5 SP:FB
CAFB  EA        NOP                             A:32 X:80 Y:80 P:A5 SP:FB
CAFC  E0 80     CPX #$80                        A:32 X:80 Y:80 P:A5 SP:FB
CAFE  D0 07     BNE $CB0B                       A:32 X:80 Y:80 P:27 SP:FB
CB00  30 05     BMI $CB0B                       A:32 X:80 Y:80 P:27 SP:FB
CB02  90 03     BCC $CB0B                       A:32 X:80 Y:80 P:27 SP:FB
CB04  4C 0B CB  JMP $CB0B                       A:32 X:80 Y:80 P:27 SP:FB
CB0B  EA        NOP                             A:32 X:80 Y:80 P:27 SP:FB
CB0C  E0 81     CPX #$81                        A:32 X:80 Y:80 P:27 SP:FB
CB0E  B0 07     BCS $CB1B                       A:32 X:80 Y:80 P:A4 SP:FB
CB10  F0 05     BEQ $CB1B                       A:32 X:80 Y:80 P:A4 SP:FB
CB12  10 03     BPL $CB1B                       A:32 X:80 Y:80 P:A4 SP:FB
CB14  4C 1B CB  JMP $CB1B                       A:32 X:80 Y:80 P:A4 SP:FB
CB1B  EA        NOP                             A:32 X:80 Y:80 P:A4 SP:FB
CB1C  E0 7F     CPX #$7F                        A:32 X:80 Y:80 P:A4 SP:FB
CB1E  90 07     BCC $CB2B                       A:32 X:80 Y:80 P:25 SP:FB
CB20  F0 05     BEQ $CB2B                       A:32 X:80 Y:80 P:25 SP:FB
CB22  30 03     BMI $CB2B                       A:32 X:80 Y:80 P:25 SP:FB
CB24  4C 2B CB  JMP $CB2B                       A:32 X:80 Y:80 P:25 SP:FB
CB2B  EA        NOP                             A:32 X:80 Y:80 P:25 SP:FB
CB2C  38        SEC                             A:32 X:80 Y:80 P:25 SP:FB
CB2D  B8        CLV                             A:32 X:80 Y:80 P:25 SP:FB
CB2E  A2 9F     LDX #$9F                        A:32 X:80 Y:80 P:25 SP:FB
CB30  F0 09     BEQ $CB3F                       A:32 X:9F Y:80 P:A5 SP:FB
CB32  10 07     BPL $CB3F                       A:32 X:9F Y:80 P:A5 SP:FB
CB34  70 05     BVS $CB3F                       A:32 X:9F Y:80 P:A5 SP:FB
CB36  90 03     BCC $CB3F                       A:32 X:9F Y:80 P:A5 SP:FB
CB38  4C 3F CB  JMP $CB3F                       A:32 X:9F Y:80 P:A5 SP:FB
CB3F  EA        NOP                             A:32 X:9F Y:80 P:A5 SP:FB
CB40  18        CLC                             A:32 X:9F Y:80 P:A5 SP:FB
CB41  24 01     BIT $01 = FF                    A:32 X:9F Y:80 P:A4 SP:FB
CB43  A2 00     LDX #$00                        A:32 X:9F Y:80 P:24 SP:FB
CB45  D0 09     BNE $CB54                       A:32 X:00 Y:80 P:26 SP:FB
CB47  30 07     BMI $CB54                       A:32 X:00 Y:80 P:26 SP:FB
CB49  50 05     BVC $CB54                       A:32 X:00 Y:80 P:26 SP:FB
CB50  A2 3A     LDX #$3A                        A:32 X:00 Y:80 P:26 SP:FB
CB52  86 00     STX $00 = 32                    A:32 X:3A Y:80 P:24 SP:FB
CB54  EA        NOP                             A:32 X:3A Y:80 P:24 SP:FB
CB55  38        SEC                             A:32 X:3A Y:80 P:24 SP:FB
CB56  B8        CLV                             A:32 X:3A Y:80 P:25 SP:FB
CB57  A0 9F     LDY #$9F                        A:32 X:3A Y:80 P:25 SP:FB
CB59  F0 09     BEQ $CB68                       A:32 X:3A Y:9F P:A5 SP:FB
CB5B  10 07     BPL $CB68                       A:32 X:3A Y:9F P:A5 SP:FB
CB5D  70 05     BVS $CB68                       A:32 X:3A Y:9F P:A5 SP:FB
CB5F  90 03     BCC $CB68                       A:32 X:3A Y:9F P:A5 SP:FB
CB61  4C 68 CB  JMP $CB68                       A:32 X:3A Y:9F P:A5 SP:FB
CB68  EA        NOP                             A:32 X:3A Y:9F P:A5 SP:FB
CB69  18        CLC                             A:32 X:3A Y:9F P:A5 SP:FB
CB6A  24 01     BIT $01 = FF                    A:32 X:3A Y:9F P:A4 SP:FB
CB6C  A0 00     LDY #$00                        A:32 X:3A Y:9F P:24 SP:FB
CB6E  D0 09     BNE $CB7D                       A:32 X:3A Y:00 P:26 SP:FB
CB70  30 07     BMI $CB7D                       A:32 X:3A Y:00 P:26 SP:FB
CB72  50 05     BVC $CB7D                       A:32 X:3A Y:00 P:26 SP:FB
CB79  A2 3C     LDX #$3C                        A:32 X:3A Y:00 P:26 SP:FB
CB7B  86 00     STX $00 = 3A                    A:32 X:3C Y:00 P:24 SP:FB
CB7D  EA        NOP                             A:32 X:3C Y:00 P:24 SP:FB
CB7E  A9 55     LDA #$55                        A:32 X:3C Y:00 P:24 SP:FB
CB80  A2 AA     LDX #$AA                        A:55 X:3C Y:00 P:24 SP:FB
CB82  A0 33     LDY #$33                        A:55 X:AA Y:00 P:A4 SP:FB
CB84  C9 55     CMP #$55                        A:55 X:AA Y:33 P:24 SP:FB
CB86  D0 23     BNE $CBAF                       A:55 X:AA Y:33 P:27 SP:FB
CB88  E0 AA     CPX #$AA                        A:55 X:AA Y:33 P:27 SP:FB
CB8A  D0 1F     BNE $CBAF                       A:55 X:AA Y:33 P:27 SP:FB
CB8C  C0 33     CPY #$33                        A:55 X:AA Y:33 P:27 SP:FB
CB8E  D0 1B     BNE $CBAF                       A:55 X:AA Y:33 P:27 SP:FB
CB90  C9 55     CMP #$55                        A:55 X:AA Y:33 P:27 SP:FB
CB92  D0 17     BNE $CBAF                       A:55 X:AA Y:33 P:27 SP:FB
CB94  E0 AA     CPX #$AA                        A:55 X:AA Y:33 P:27 SP:FB
CB96  D0 13     BNE $CBAF                       A:55 X:AA Y:33 P:27 SP:FB
CB98  C0 33     CPY #$33                        A:55 X:AA Y:33 P:27 SP:FB
CB9A  D0 0F     BNE $CBAF                       A:55 X:AA Y:33 P:27 SP:FB
CB9C  C9 56     CMP #$56                        A:55 X:AA Y:33 P:27 SP:FB
CB9E  F0 0B     BEQ $CBAF                       A:55 X:AA Y:33 P:A4 SP:FB
CBA0  E0 AB     CPX #$AB                        A:55 X:AA Y:33 P:A4 SP:FB
CBA2  F0 07     BEQ $CBAF                       A:55 X:AA Y:33 P:A4 SP:FB
CBA4  C0 34     CPY #$34                        A:55 X:AA Y:33 P:A4 SP:FB
CBA6  F0 03     BEQ $CBAF                       A:55 X:AA Y:33 P:A4 SP:FB
CBA8  4C AF CB  JMP $CBAF                       A:55 X:AA Y:33 P:A4 SP:FB
CBAF  A0 71     LDY #$71                        A:55 X:AA Y:33 P:A4 SP:FB
CBB1  20 31 F9  JSR $F931                       A:55 X:AA Y:71 P:24 SP:FB
F931  24 01     BIT $01 = FF                    A:55 X:AA Y:71 P:24 SP:F9
F933  A9 40     LDA #$40                        A:55 X:AA Y:71 P:64 SP:F9
F935  38        SEC                             A:40 X:AA Y:71 P:64 SP:F9
F936  60        RTS                             A:40 X:AA Y:71 P:65 SP:F9
CBB4  E9 40     SBC #$40                        A:40 X:AA Y:71 P:65 SP:FB
CBB6  20 37 F9  JSR $F937                       A:00 X:AA Y:71 P:27 SP:FB
